0 info it worked if it ends with ok
1 verbose cli [ 'node', '/usr/local/bin/npm', 'install', 'formidable' ]
2 info using npm@1.4.28
3 info using node@v0.10.32
4 verbose cache add [ 'formidable', null ]
5 verbose cache add name=undefined spec="formidable" args=["formidable",null]
6 verbose parsed url { protocol: null,
6 verbose parsed url   slashes: null,
6 verbose parsed url   auth: null,
6 verbose parsed url   host: null,
6 verbose parsed url   port: null,
6 verbose parsed url   hostname: null,
6 verbose parsed url   hash: null,
6 verbose parsed url   search: null,
6 verbose parsed url   query: null,
6 verbose parsed url   pathname: 'formidable',
6 verbose parsed url   path: 'formidable',
6 verbose parsed url   href: 'formidable' }
7 silly lockFile 8fdd0b7c-formidable formidable
8 verbose lock formidable /Users/zhaojm/.npm/8fdd0b7c-formidable.lock
9 silly lockFile 8fdd0b7c-formidable formidable
10 silly lockFile 8fdd0b7c-formidable formidable
11 verbose addNamed [ 'formidable', '' ]
12 verbose addNamed [ null, '*' ]
13 silly lockFile fedfde19-formidable formidable@
14 verbose lock formidable@ /Users/zhaojm/.npm/fedfde19-formidable.lock
15 silly addNameRange { name: 'formidable', range: '*', hasData: false }
16 verbose request where is /formidable
17 verbose request registry https://registry.npmjs.org/
18 verbose request id 17a11af3a4e79b79
19 verbose url raw /formidable
20 verbose url resolving [ 'https://registry.npmjs.org/', './formidable' ]
21 verbose url resolved https://registry.npmjs.org/formidable
22 verbose request where is https://registry.npmjs.org/formidable
23 info trying registry request attempt 1 at 21:39:08
24 verbose etag "7PY6HQJF70FBPLG7WAV4QBPZ"
25 http GET https://registry.npmjs.org/formidable
26 http 304 https://registry.npmjs.org/formidable
27 silly registry.get cb [ 304,
27 silly registry.get   { date: 'Tue, 18 Nov 2014 13:39:10 GMT',
27 silly registry.get     server: 'Apache',
27 silly registry.get     via: '1.1 varnish',
27 silly registry.get     'last-modified': 'Tue, 18 Nov 2014 13:39:11 GMT',
27 silly registry.get     'cache-control': 'max-age=60',
27 silly registry.get     etag: '"7PY6HQJF70FBPLG7WAV4QBPZ"',
27 silly registry.get     age: '0',
27 silly registry.get     'x-served-by': 'cache-ty67-TYO',
27 silly registry.get     'x-cache': 'HIT',
27 silly registry.get     'x-cache-hits': '1',
27 silly registry.get     'x-timer': 'S1416317950.296250,VS0,VE746',
27 silly registry.get     vary: 'Accept',
27 silly registry.get     'content-length': '0',
27 silly registry.get     'keep-alive': 'timeout=10, max=50',
27 silly registry.get     connection: 'Keep-Alive' } ]
28 verbose etag https://registry.npmjs.org/formidable from cache
29 silly addNameRange number 2 { name: 'formidable', range: '*', hasData: true }
30 silly addNameRange versions [ 'formidable',
30 silly addNameRange   [ '0.3.0',
30 silly addNameRange     '0.4.0',
30 silly addNameRange     '0.5.0',
30 silly addNameRange     '0.6.0',
30 silly addNameRange     '0.7.0',
30 silly addNameRange     '0.8.0',
30 silly addNameRange     '0.9.0',
30 silly addNameRange     '0.9.1',
30 silly addNameRange     '0.9.2',
30 silly addNameRange     '0.9.3',
30 silly addNameRange     '0.9.4',
30 silly addNameRange     '0.9.5',
30 silly addNameRange     '0.9.6',
30 silly addNameRange     '0.9.7',
30 silly addNameRange     '0.9.8',
30 silly addNameRange     '0.9.9',
30 silly addNameRange     '0.9.10',
30 silly addNameRange     '0.9.11',
30 silly addNameRange     '1.0.0',
30 silly addNameRange     '1.0.1',
30 silly addNameRange     '1.0.2',
30 silly addNameRange     '1.0.3',
30 silly addNameRange     '1.0.4',
30 silly addNameRange     '1.0.5',
30 silly addNameRange     '1.0.6',
30 silly addNameRange     '1.0.7',
30 silly addNameRange     '1.0.8',
30 silly addNameRange     '1.0.9',
30 silly addNameRange     '1.0.10',
30 silly addNameRange     '1.0.11',
30 silly addNameRange     '1.0.12',
30 silly addNameRange     '1.0.13',
30 silly addNameRange     '1.0.14',
30 silly addNameRange     '1.0.15' ] ]
31 verbose addNamed [ 'formidable', '1.0.15' ]
32 verbose addNamed [ '1.0.15', '1.0.15' ]
33 silly lockFile c516f39f-formidable-1-0-15 formidable@1.0.15
34 verbose lock formidable@1.0.15 /Users/zhaojm/.npm/c516f39f-formidable-1-0-15.lock
35 silly lockFile f23403ff-formidable-formidable-1-0-15-tgz https://registry.npmjs.org/formidable/-/formidable-1.0.15.tgz
36 verbose lock https://registry.npmjs.org/formidable/-/formidable-1.0.15.tgz /Users/zhaojm/.npm/f23403ff-formidable-formidable-1-0-15-tgz.lock
37 verbose addRemoteTarball [ 'https://registry.npmjs.org/formidable/-/formidable-1.0.15.tgz',
37 verbose addRemoteTarball   '91363d59cc51ddca2be84ca0336ec0135606c155' ]
38 info retry fetch attempt 1 at 21:39:11
39 verbose fetch to= /var/folders/pq/ltwj4_0n45d1rsznpjdv1b180000gn/T/npm-556-1oVWlq_Z/registry.npmjs.org/formidable/-/formidable-1.0.15.tgz
40 http GET https://registry.npmjs.org/formidable/-/formidable-1.0.15.tgz
41 http 200 https://registry.npmjs.org/formidable/-/formidable-1.0.15.tgz
42 silly lockFile f23403ff-formidable-formidable-1-0-15-tgz https://registry.npmjs.org/formidable/-/formidable-1.0.15.tgz
43 silly lockFile f23403ff-formidable-formidable-1-0-15-tgz https://registry.npmjs.org/formidable/-/formidable-1.0.15.tgz
44 silly lockFile c516f39f-formidable-1-0-15 formidable@1.0.15
45 silly lockFile c516f39f-formidable-1-0-15 formidable@1.0.15
46 silly lockFile fedfde19-formidable formidable@
47 silly lockFile fedfde19-formidable formidable@
48 error Error: EACCES, mkdir '/Users/zhaojm/.npm/formidable/1.0.15'
48 error  { [Error: EACCES, mkdir '/Users/zhaojm/.npm/formidable/1.0.15']
48 error   errno: 3,
48 error   code: 'EACCES',
48 error   path: '/Users/zhaojm/.npm/formidable/1.0.15' }
49 error Please try running this command again as root/Administrator.
50 error System Darwin 14.0.0
51 error command "node" "/usr/local/bin/npm" "install" "formidable"
52 error cwd /Users/zhaojm/study/nodejs
53 error node -v v0.10.32
54 error npm -v 1.4.28
55 error path /Users/zhaojm/.npm/formidable/1.0.15
56 error code EACCES
57 error errno 3
58 error stack Error: EACCES, mkdir '/Users/zhaojm/.npm/formidable/1.0.15'
59 verbose exit [ 3, true ]
